[09:46:44.416][Logger] New log placeholder %WS1% registered for /media/sf_Thesis/thesis-eit-latex .
[09:46:44.416][Extension] Initializing LaTeX Workshop.
[09:46:46.499][Build][Recipe] Set $LATEXWORKSHOP_DOCKER_LATEX: ""
[09:46:47.053][Server] Creating LaTeX Workshop http and websocket server.
[09:46:47.870][Format][Bib] Bibtex format config: {"tab":"  ","case":"lowercase","left":"{","right":"}","trailingComma":false,"sort":["key"],"alignOnEqual":true,"sortFields":false,"fieldsOrder":[],"firstEntries":["string","xdata"]}
[09:46:48.202][Server] Server successfully started: {"address":"127.0.0.1","family":"IPv4","port":34195} .
[09:46:48.277][Extension] Extension root: /home/ijyothi/.vscode/extensions/james-yu.latex-workshop-9.18.2
[09:46:48.277][Extension] $PATH: /usr/local/sbin:/usr/local/bin:/usr/sbin:/usr/bin:/sbin:/bin:/usr/games:/usr/local/games:/snap/bin:/snap/bin
[09:46:48.277][Extension] $SHELL: /bin/bash
[09:46:48.278][Extension] $LANG: en_US
[09:46:48.278][Extension] $LC_ALL: undefined
[09:46:48.278][Extension] process.platform: linux
[09:46:48.278][Extension] process.arch: x64
[09:46:48.279][Extension] vscode.env.appName: Visual Studio Code
[09:46:48.279][Extension] vscode.env.remoteName: undefined
[09:46:48.279][Extension] vscode.env.uiKind: 1
[09:46:48.798][Extension] Trigger characters for intellisense of LaTeX documents: ["\\",",","{"]
[09:46:48.822][Root] Current workspace folders: ["file://%WS1%"]
[09:46:48.823][Extension] LaTeX Workshop initialized.
[09:46:48.880][Root] Found root file from active editor: %WS1%/Main.tex
[09:46:48.892][Root] Root file changed: from %WS1%/Main.tex to %WS1%/Main.tex, langID latex . Refresh dependencies
[09:46:48.892][Event] ROOT_FILE_CHANGED: "%WS1%/Main.tex"
[09:46:48.931][Cacher][Watcher] Reset.
[09:46:48.931][Cacher][Watcher] Reset.
[09:46:48.932][Cacher][Watcher] Reset.
[09:46:49.068][Cacher] Adding %WS1%/Main.tex .
[09:46:49.138][Cacher][Watcher] Watched %WS1%/Main.tex with a new watcher on %WS1% .
[09:46:49.138][Event] FILE_WATCHED: "%WS1%/Main.tex"
[09:46:49.141][Cacher] Caching %WS1%/Main.tex .
[09:46:49.179][Cacher] Input %WS1%/Hyphenation.tex from %WS1%/Main.tex .
[09:46:49.180][Cacher] Adding %WS1%/Hyphenation.tex .
[09:46:49.180][Cacher][Watcher] Watched %WS1%/Hyphenation.tex .
[09:46:49.181][Event] FILE_WATCHED: "%WS1%/Hyphenation.tex"
[09:46:49.187][Cacher] Caching %WS1%/Hyphenation.tex .
[09:46:49.289][Cacher] Updated inputs of %WS1%/Hyphenation.tex .
[09:46:49.290][Cacher] Parse LaTeX AST: %WS1%/Hyphenation.tex .
[09:46:49.296][Cacher] Input %WS1%/includes/settings.tex from %WS1%/Main.tex .
[09:46:49.297][Cacher] Adding %WS1%/includes/settings.tex .
[09:46:49.298][Cacher][Watcher] Watched %WS1%/includes/settings.tex with a new watcher on %WS1%/includes .
[09:46:49.298][Event] FILE_WATCHED: "%WS1%/includes/settings.tex"
[09:46:49.318][Cacher] Caching %WS1%/includes/settings.tex .
[09:46:49.338][Cacher] Input %WS1%/glossar.tex from %WS1%/includes/settings.tex .
[09:46:49.339][Cacher] Adding %WS1%/glossar.tex .
[09:46:49.339][Cacher][Watcher] Watched %WS1%/glossar.tex .
[09:46:49.340][Event] FILE_WATCHED: "%WS1%/glossar.tex"
[09:46:49.349][Cacher] Caching %WS1%/glossar.tex .
[09:46:49.361][Cacher] Updated inputs of %WS1%/glossar.tex .
[09:46:49.361][Cacher] Parse LaTeX AST: %WS1%/glossar.tex .
[09:46:49.379][Cacher] Input %WS1%/abkuerzungen.tex from %WS1%/includes/settings.tex .
[09:46:49.380][Cacher] Adding %WS1%/abkuerzungen.tex .
[09:46:49.380][Cacher][Watcher] Watched %WS1%/abkuerzungen.tex .
[09:46:49.380][Event] FILE_WATCHED: "%WS1%/abkuerzungen.tex"
[09:46:49.381][Cacher] Caching %WS1%/abkuerzungen.tex .
[09:46:49.422][Cacher] Updated inputs of %WS1%/abkuerzungen.tex .
[09:46:49.422][Cacher] Parse LaTeX AST: %WS1%/abkuerzungen.tex .
[09:46:49.477][Cacher] Input %WS1%/symbole.tex from %WS1%/includes/settings.tex .
[09:46:49.478][Cacher] Adding %WS1%/symbole.tex .
[09:46:49.478][Cacher][Watcher] Watched %WS1%/symbole.tex .
[09:46:49.479][Event] FILE_WATCHED: "%WS1%/symbole.tex"
[09:46:49.479][Cacher] Caching %WS1%/symbole.tex .
[09:46:49.508][Cacher] Updated inputs of %WS1%/symbole.tex .
[09:46:49.509][Cacher] Parse LaTeX AST: %WS1%/symbole.tex .
[09:46:49.509][Cacher] Updated inputs of %WS1%/includes/settings.tex .
[09:46:49.509][Cacher] Parse LaTeX AST: %WS1%/includes/settings.tex .
[09:46:49.510][Cacher] Input %WS1%/Titlepage.tex from %WS1%/Main.tex .
[09:46:49.511][Cacher] Adding %WS1%/Titlepage.tex .
[09:46:49.512][Cacher][Watcher] Watched %WS1%/Titlepage.tex .
[09:46:49.512][Event] FILE_WATCHED: "%WS1%/Titlepage.tex"
[09:46:49.542][Cacher] Caching %WS1%/Titlepage.tex .
[09:46:49.563][Cacher] Updated inputs of %WS1%/Titlepage.tex .
[09:46:49.563][Cacher] Parse LaTeX AST: %WS1%/Titlepage.tex .
[09:46:49.576][Cacher] Input %WS1%/eidesstattlicheerklaerung.tex from %WS1%/Main.tex .
[09:46:49.590][Cacher] Adding %WS1%/eidesstattlicheerklaerung.tex .
[09:46:49.590][Cacher][Watcher] Watched %WS1%/eidesstattlicheerklaerung.tex .
[09:46:49.591][Event] FILE_WATCHED: "%WS1%/eidesstattlicheerklaerung.tex"
[09:46:49.617][Cacher] Caching %WS1%/eidesstattlicheerklaerung.tex .
[09:46:49.625][Cacher] Updated inputs of %WS1%/eidesstattlicheerklaerung.tex .
[09:46:49.626][Cacher] Parse LaTeX AST: %WS1%/eidesstattlicheerklaerung.tex .
[09:46:49.627][Cacher] Input %WS1%/Abstract.tex from %WS1%/Main.tex .
[09:46:49.628][Cacher] Adding %WS1%/Abstract.tex .
[09:46:49.628][Cacher][Watcher] Watched %WS1%/Abstract.tex .
[09:46:49.628][Event] FILE_WATCHED: "%WS1%/Abstract.tex"
[09:46:49.638][Cacher] Caching %WS1%/Abstract.tex .
[09:46:49.660][Cacher] Updated inputs of %WS1%/Abstract.tex .
[09:46:49.661][Cacher] Parse LaTeX AST: %WS1%/Abstract.tex .
[09:46:49.664][Cacher] Input %WS1%/Kap_1_Einleitung.tex from %WS1%/Main.tex .
[09:46:49.665][Cacher] Adding %WS1%/Kap_1_Einleitung.tex .
[09:46:49.666][Cacher][Watcher] Watched %WS1%/Kap_1_Einleitung.tex .
[09:46:49.666][Event] FILE_WATCHED: "%WS1%/Kap_1_Einleitung.tex"
[09:46:49.697][Cacher] Caching %WS1%/Kap_1_Einleitung.tex .
[09:46:49.724][Cacher] Updated inputs of %WS1%/Kap_1_Einleitung.tex .
[09:46:49.724][Cacher] Parse LaTeX AST: %WS1%/Kap_1_Einleitung.tex .
[09:46:49.744][Cacher] Input %WS1%/Kap_2.tex from %WS1%/Main.tex .
[09:46:49.745][Cacher] Adding %WS1%/Kap_2.tex .
[09:46:49.771][Cacher][Watcher] Watched %WS1%/Kap_2.tex .
[09:46:49.771][Event] FILE_WATCHED: "%WS1%/Kap_2.tex"
[09:46:49.772][Cacher] Caching %WS1%/Kap_2.tex .
[09:46:49.796][Cacher] Input %WS1%/Kap_2/Kap_2_1.tex from %WS1%/Kap_2.tex .
[09:46:49.798][Cacher] Adding %WS1%/Kap_2/Kap_2_1.tex .
[09:46:49.799][Cacher][Watcher] Watched %WS1%/Kap_2/Kap_2_1.tex with a new watcher on %WS1%/Kap_2 .
[09:46:49.799][Event] FILE_WATCHED: "%WS1%/Kap_2/Kap_2_1.tex"
[09:46:49.800][Cacher] Caching %WS1%/Kap_2/Kap_2_1.tex .
[09:46:49.931][Cacher] Input %WS1%/Kap_2/Grafiken/Beispielgrafik.tex from %WS1%/Kap_2/Kap_2_1.tex .
[09:46:49.932][Cacher] Adding %WS1%/Kap_2/Grafiken/Beispielgrafik.tex .
[09:46:49.933][Cacher][Watcher] Watched %WS1%/Kap_2/Grafiken/Beispielgrafik.tex with a new watcher on %WS1%/Kap_2/Grafiken .
[09:46:49.934][Event] FILE_WATCHED: "%WS1%/Kap_2/Grafiken/Beispielgrafik.tex"
[09:46:49.935][Cacher] Caching %WS1%/Kap_2/Grafiken/Beispielgrafik.tex .
[09:46:49.973][Cacher] Updated inputs of %WS1%/Kap_2/Grafiken/Beispielgrafik.tex .
[09:46:49.974][Cacher] Parse LaTeX AST: %WS1%/Kap_2/Grafiken/Beispielgrafik.tex .
[09:46:49.974][Cacher] Updated inputs of %WS1%/Kap_2/Kap_2_1.tex .
[09:46:49.974][Cacher] Parse LaTeX AST: %WS1%/Kap_2/Kap_2_1.tex .
[09:46:49.982][Cacher] Input %WS1%/Kap_2/Kap_2_2.tex from %WS1%/Kap_2.tex .
[09:46:49.983][Cacher] Adding %WS1%/Kap_2/Kap_2_2.tex .
[09:46:49.983][Cacher][Watcher] Watched %WS1%/Kap_2/Kap_2_2.tex .
[09:46:49.983][Event] FILE_WATCHED: "%WS1%/Kap_2/Kap_2_2.tex"
[09:46:49.984][Cacher] Caching %WS1%/Kap_2/Kap_2_2.tex .
[09:46:49.998][Cacher] Updated inputs of %WS1%/Kap_2/Kap_2_2.tex .
[09:46:50.000][Cacher] Parse LaTeX AST: %WS1%/Kap_2/Kap_2_2.tex .
[09:46:50.015][Cacher] Input %WS1%/Kap_2/Kap_2_3.tex from %WS1%/Kap_2.tex .
[09:46:50.026][Cacher] Adding %WS1%/Kap_2/Kap_2_3.tex .
[09:46:50.026][Cacher][Watcher] Watched %WS1%/Kap_2/Kap_2_3.tex .
[09:46:50.026][Event] FILE_WATCHED: "%WS1%/Kap_2/Kap_2_3.tex"
[09:46:50.027][Cacher] Caching %WS1%/Kap_2/Kap_2_3.tex .
[09:46:50.047][Cacher] Updated inputs of %WS1%/Kap_2/Kap_2_3.tex .
[09:46:50.047][Cacher] Parse LaTeX AST: %WS1%/Kap_2/Kap_2_3.tex .
[09:46:50.047][Cacher] Updated inputs of %WS1%/Kap_2.tex .
[09:46:50.048][Cacher] Parse LaTeX AST: %WS1%/Kap_2.tex .
[09:46:50.056][Cacher] Input %WS1%/Kap_3.tex from %WS1%/Main.tex .
[09:46:50.057][Cacher] Adding %WS1%/Kap_3.tex .
[09:46:50.058][Cacher][Watcher] Watched %WS1%/Kap_3.tex .
[09:46:50.058][Event] FILE_WATCHED: "%WS1%/Kap_3.tex"
[09:46:50.090][Cacher] Caching %WS1%/Kap_3.tex .
[09:46:50.116][Cacher] Input %WS1%/Kap_3/Kap_3_1.tex from %WS1%/Kap_3.tex .
[09:46:50.124][Cacher] Adding %WS1%/Kap_3/Kap_3_1.tex .
[09:46:50.129][Cacher][Watcher] Watched %WS1%/Kap_3/Kap_3_1.tex with a new watcher on %WS1%/Kap_3 .
[09:46:50.129][Event] FILE_WATCHED: "%WS1%/Kap_3/Kap_3_1.tex"
[09:46:50.130][Cacher] Caching %WS1%/Kap_3/Kap_3_1.tex .
[09:46:50.145][Cacher] Updated inputs of %WS1%/Kap_3/Kap_3_1.tex .
[09:46:50.145][Cacher] Parse LaTeX AST: %WS1%/Kap_3/Kap_3_1.tex .
[09:46:50.159][Cacher] Input %WS1%/Kap_3/Kap_3_2.tex from %WS1%/Kap_3.tex .
[09:46:50.160][Cacher] Adding %WS1%/Kap_3/Kap_3_2.tex .
[09:46:50.160][Cacher][Watcher] Watched %WS1%/Kap_3/Kap_3_2.tex .
[09:46:50.173][Event] FILE_WATCHED: "%WS1%/Kap_3/Kap_3_2.tex"
[09:46:50.174][Cacher] Caching %WS1%/Kap_3/Kap_3_2.tex .
[09:46:50.201][Cacher] Updated inputs of %WS1%/Kap_3/Kap_3_2.tex .
[09:46:50.202][Cacher] Parse LaTeX AST: %WS1%/Kap_3/Kap_3_2.tex .
[09:46:50.214][Cacher] Input %WS1%/Kap_3/Kap_3_3.tex from %WS1%/Kap_3.tex .
[09:46:50.218][Cacher] Adding %WS1%/Kap_3/Kap_3_3.tex .
[09:46:50.223][Cacher][Watcher] Watched %WS1%/Kap_3/Kap_3_3.tex .
[09:46:50.223][Event] FILE_WATCHED: "%WS1%/Kap_3/Kap_3_3.tex"
[09:46:50.224][Cacher] Caching %WS1%/Kap_3/Kap_3_3.tex .
[09:46:50.241][Cacher] Updated inputs of %WS1%/Kap_3/Kap_3_3.tex .
[09:46:50.241][Cacher] Parse LaTeX AST: %WS1%/Kap_3/Kap_3_3.tex .
[09:46:50.241][Cacher] Updated inputs of %WS1%/Kap_3.tex .
[09:46:50.242][Cacher] Parse LaTeX AST: %WS1%/Kap_3.tex .
[09:46:50.250][Cacher] Input %WS1%/Kap_4.tex from %WS1%/Main.tex .
[09:46:50.251][Cacher] Adding %WS1%/Kap_4.tex .
[09:46:50.251][Cacher][Watcher] Watched %WS1%/Kap_4.tex .
[09:46:50.252][Event] FILE_WATCHED: "%WS1%/Kap_4.tex"
[09:46:50.273][Cacher] Caching %WS1%/Kap_4.tex .
[09:46:50.318][Cacher] Input %WS1%/Kap_4/Kap_4_1.tex from %WS1%/Kap_4.tex .
[09:46:50.319][Cacher] Adding %WS1%/Kap_4/Kap_4_1.tex .
[09:46:50.353][Cacher][Watcher] Watched %WS1%/Kap_4/Kap_4_1.tex with a new watcher on %WS1%/Kap_4 .
[09:46:50.354][Event] FILE_WATCHED: "%WS1%/Kap_4/Kap_4_1.tex"
[09:46:50.355][Cacher] Caching %WS1%/Kap_4/Kap_4_1.tex .
[09:46:50.367][Cacher] Updated inputs of %WS1%/Kap_4/Kap_4_1.tex .
[09:46:50.368][Cacher] Parse LaTeX AST: %WS1%/Kap_4/Kap_4_1.tex .
[09:46:50.382][Cacher] Input %WS1%/Kap_4/Kap_4_2.tex from %WS1%/Kap_4.tex .
[09:46:50.383][Cacher] Adding %WS1%/Kap_4/Kap_4_2.tex .
[09:46:50.383][Cacher][Watcher] Watched %WS1%/Kap_4/Kap_4_2.tex .
[09:46:50.383][Event] FILE_WATCHED: "%WS1%/Kap_4/Kap_4_2.tex"
[09:46:50.384][Cacher] Caching %WS1%/Kap_4/Kap_4_2.tex .
[09:46:50.399][Cacher] Updated inputs of %WS1%/Kap_4/Kap_4_2.tex .
[09:46:50.399][Cacher] Parse LaTeX AST: %WS1%/Kap_4/Kap_4_2.tex .
[09:46:50.406][Cacher] Input %WS1%/Kap_4/Kap_4_3.tex from %WS1%/Kap_4.tex .
[09:46:50.407][Cacher] Adding %WS1%/Kap_4/Kap_4_3.tex .
[09:46:50.408][Cacher][Watcher] Watched %WS1%/Kap_4/Kap_4_3.tex .
[09:46:50.408][Event] FILE_WATCHED: "%WS1%/Kap_4/Kap_4_3.tex"
[09:46:50.409][Cacher] Caching %WS1%/Kap_4/Kap_4_3.tex .
[09:46:50.463][Cacher] Updated inputs of %WS1%/Kap_4/Kap_4_3.tex .
[09:46:50.463][Cacher] Parse LaTeX AST: %WS1%/Kap_4/Kap_4_3.tex .
[09:46:50.464][Cacher] Updated inputs of %WS1%/Kap_4.tex .
[09:46:50.464][Cacher] Parse LaTeX AST: %WS1%/Kap_4.tex .
[09:46:50.478][Cacher] Input %WS1%/Kap_5_Fazit.tex from %WS1%/Main.tex .
[09:46:50.479][Cacher] Adding %WS1%/Kap_5_Fazit.tex .
[09:46:50.479][Cacher][Watcher] Watched %WS1%/Kap_5_Fazit.tex .
[09:46:50.479][Event] FILE_WATCHED: "%WS1%/Kap_5_Fazit.tex"
[09:46:50.480][Cacher] Caching %WS1%/Kap_5_Fazit.tex .
[09:46:50.493][Cacher] Updated inputs of %WS1%/Kap_5_Fazit.tex .
[09:46:50.494][Cacher] Parse LaTeX AST: %WS1%/Kap_5_Fazit.tex .
[09:46:50.495][Cacher] Input %WS1%/Anhang.tex from %WS1%/Main.tex .
[09:46:50.497][Cacher] Adding %WS1%/Anhang.tex .
[09:46:50.500][Cacher][Watcher] Watched %WS1%/Anhang.tex .
[09:46:50.500][Event] FILE_WATCHED: "%WS1%/Anhang.tex"
[09:46:50.504][Cacher] Caching %WS1%/Anhang.tex .
[09:46:50.529][Cacher] Updated inputs of %WS1%/Anhang.tex .
[09:46:50.530][Cacher] Parse LaTeX AST: %WS1%/Anhang.tex .
[09:46:50.537][Cacher] Updated inputs of %WS1%/Main.tex .
[09:46:50.538][Cacher] Parse LaTeX AST: %WS1%/Main.tex .
[09:46:50.539][Event] ROOT_FILE_SEARCHED
[09:46:50.611][Server] valdOrigin is http://127.0.0.1:34195
[09:46:50.905][Cacher] Parsed LaTeX AST: %WS1%/Hyphenation.tex .
[09:46:50.924][Cacher] Updated elements in 18.26 ms: %WS1%/Hyphenation.tex .
[09:46:50.958][Event] FILE_PARSED: "%WS1%/Hyphenation.tex"
[09:46:50.961][Commander] BUILD command invoked.
[09:46:50.967][Build] The document of the active editor: file://%WS1%/Main.tex
[09:46:50.967][Build] The languageId of the document: latex
[09:46:50.967][Root] Current workspace folders: ["file://%WS1%"]
[09:46:50.981][Root] Found root file from active editor: %WS1%/Main.tex
[09:46:50.982][Root] Keep using the same root file: %WS1%/Main.tex
[09:46:50.988][Event] ROOT_FILE_SEARCHED
[09:46:50.988][Build] Building root file: %WS1%/Main.tex
[09:46:50.988][Build][Recipe] Build root file %WS1%/Main.tex
[09:46:51.007][Cacher] Parsed LaTeX AST: %WS1%/glossar.tex .
[09:46:51.018][Cacher] Updated elements in 11.02 ms: %WS1%/glossar.tex .
[09:46:51.023][Event] FILE_PARSED: "%WS1%/glossar.tex"
[09:46:51.105][Cacher] Parsed LaTeX AST: %WS1%/abkuerzungen.tex .
[09:46:51.113][Cacher] Updated elements in 7.74 ms: %WS1%/abkuerzungen.tex .
[09:46:51.115][Event] FILE_PARSED: "%WS1%/abkuerzungen.tex"
[09:46:51.149][Cacher] Parsed LaTeX AST: %WS1%/symbole.tex .
[09:46:51.149][Cacher] Updated elements in 0.25 ms: %WS1%/symbole.tex .
[09:46:51.172][Event] FILE_PARSED: "%WS1%/symbole.tex"
[09:46:51.251][Build][Recipe] Preparing to run recipe: latexmk.
[09:46:51.252][Build][Recipe] Prepared 1 tools.
[09:46:51.459][Build][Recipe] outDir: %WS1% .
[09:46:51.528][Build] Recipe step 1 The command is latexmk:["-synctex=1","-interaction=nonstopmode","-file-line-error","-pdf","-outdir=%WS1%","%WS1%/Main"].
[09:46:51.528][Build] env: {}
[09:46:51.529][Build] root: %WS1%/Main.tex
[09:46:51.539][Build] cwd: %WS1%
[09:46:51.660][Build] LaTeX build process spawned with PID 242404.
[09:46:51.676][Cacher] Parsed LaTeX AST: %WS1%/includes/settings.tex .
[09:46:51.705][Cacher] Updated elements in 29.50 ms: %WS1%/includes/settings.tex .
[09:46:51.706][Event] FILE_PARSED: "%WS1%/includes/settings.tex"
[09:46:51.735][Cacher] Parsed LaTeX AST: %WS1%/Titlepage.tex .
[09:46:51.762][Cacher] Updated elements in 0.74 ms: %WS1%/Titlepage.tex .
[09:46:51.773][Event] FILE_PARSED: "%WS1%/Titlepage.tex"
[09:46:51.814][Cacher] Parsed LaTeX AST: %WS1%/eidesstattlicheerklaerung.tex .
[09:46:51.815][Cacher] Updated elements in 0.41 ms: %WS1%/eidesstattlicheerklaerung.tex .
[09:46:51.822][Event] FILE_PARSED: "%WS1%/eidesstattlicheerklaerung.tex"
[09:46:53.308][Cacher] Parsed LaTeX AST: %WS1%/Abstract.tex .
[09:46:54.419][Cacher] Updated elements in 1110.49 ms: %WS1%/Abstract.tex .
[09:46:54.428][Event] FILE_PARSED: "%WS1%/Abstract.tex"
[09:46:54.475][Cacher] Parsed LaTeX AST: %WS1%/Kap_1_Einleitung.tex .
[09:46:54.647][Cacher] Updated elements in 171.68 ms: %WS1%/Kap_1_Einleitung.tex .
[09:46:54.648][Event] FILE_PARSED: "%WS1%/Kap_1_Einleitung.tex"
[09:46:55.355][Cacher] Parsed LaTeX AST: %WS1%/Kap_2/Grafiken/Beispielgrafik.tex .
[09:46:55.390][Cacher] Updated elements in 27.96 ms: %WS1%/Kap_2/Grafiken/Beispielgrafik.tex .
[09:46:55.408][Event] FILE_PARSED: "%WS1%/Kap_2/Grafiken/Beispielgrafik.tex"
[09:46:55.583][Cacher] Parsed LaTeX AST: %WS1%/Kap_2/Kap_2_1.tex .
[09:46:55.869][Cacher] Updated elements in 285.04 ms: %WS1%/Kap_2/Kap_2_1.tex .
[09:46:55.870][Event] FILE_PARSED: "%WS1%/Kap_2/Kap_2_1.tex"
[09:46:55.880][Cacher] Parsed LaTeX AST: %WS1%/Kap_2/Kap_2_2.tex .
[09:46:55.883][Cacher] Updated elements in 0.57 ms: %WS1%/Kap_2/Kap_2_2.tex .
[09:46:55.906][Event] FILE_PARSED: "%WS1%/Kap_2/Kap_2_2.tex"
[09:46:55.909][Cacher] Parsed LaTeX AST: %WS1%/Kap_2/Kap_2_3.tex .
[09:46:55.909][Cacher] Updated elements in 0.40 ms: %WS1%/Kap_2/Kap_2_3.tex .
[09:46:55.921][Event] FILE_PARSED: "%WS1%/Kap_2/Kap_2_3.tex"
[09:46:55.933][Cacher] Parsed LaTeX AST: %WS1%/Kap_2.tex .
[09:46:55.933][Cacher] Updated elements in 0.21 ms: %WS1%/Kap_2.tex .
[09:46:55.937][Event] FILE_PARSED: "%WS1%/Kap_2.tex"
[09:46:55.971][Cacher] Parsed LaTeX AST: %WS1%/Kap_3/Kap_3_1.tex .
[09:46:55.972][Cacher] Updated elements in 0.63 ms: %WS1%/Kap_3/Kap_3_1.tex .
[09:46:55.973][Event] FILE_PARSED: "%WS1%/Kap_3/Kap_3_1.tex"
[09:46:56.026][Cacher] Parsed LaTeX AST: %WS1%/Kap_3/Kap_3_2.tex .
[09:46:56.026][Cacher] Updated elements in 0.40 ms: %WS1%/Kap_3/Kap_3_2.tex .
[09:46:56.030][Event] FILE_PARSED: "%WS1%/Kap_3/Kap_3_2.tex"
[09:46:56.034][Cacher] Parsed LaTeX AST: %WS1%/Kap_3/Kap_3_3.tex .
[09:46:56.035][Cacher] Updated elements in 0.41 ms: %WS1%/Kap_3/Kap_3_3.tex .
[09:46:56.038][Event] FILE_PARSED: "%WS1%/Kap_3/Kap_3_3.tex"
[09:46:56.046][Cacher] Parsed LaTeX AST: %WS1%/Kap_3.tex .
[09:46:56.047][Cacher] Updated elements in 0.21 ms: %WS1%/Kap_3.tex .
[09:46:56.065][Event] FILE_PARSED: "%WS1%/Kap_3.tex"
[09:46:56.068][Cacher] Parsed LaTeX AST: %WS1%/Kap_4/Kap_4_1.tex .
[09:46:56.069][Cacher] Updated elements in 0.40 ms: %WS1%/Kap_4/Kap_4_1.tex .
[09:46:56.080][Event] FILE_PARSED: "%WS1%/Kap_4/Kap_4_1.tex"
[09:46:56.158][Cacher] Parsed LaTeX AST: %WS1%/Kap_4/Kap_4_2.tex .
[09:46:56.158][Cacher] Updated elements in 0.40 ms: %WS1%/Kap_4/Kap_4_2.tex .
[09:46:56.168][Event] FILE_PARSED: "%WS1%/Kap_4/Kap_4_2.tex"
[09:46:56.256][Cacher] Parsed LaTeX AST: %WS1%/Kap_4/Kap_4_3.tex .
[09:46:56.270][Cacher] Updated elements in 13.13 ms: %WS1%/Kap_4/Kap_4_3.tex .
[09:46:56.270][Event] FILE_PARSED: "%WS1%/Kap_4/Kap_4_3.tex"
[09:46:56.277][Cacher] Parsed LaTeX AST: %WS1%/Kap_4.tex .
[09:46:56.279][Cacher] Updated elements in 0.58 ms: %WS1%/Kap_4.tex .
[09:46:56.292][Event] FILE_PARSED: "%WS1%/Kap_4.tex"
[09:46:56.412][Cacher] Parsed LaTeX AST: %WS1%/Kap_5_Fazit.tex .
[09:46:56.421][Cacher] Updated elements in 7.57 ms: %WS1%/Kap_5_Fazit.tex .
[09:46:56.424][Event] FILE_PARSED: "%WS1%/Kap_5_Fazit.tex"
[09:46:56.440][Cacher] Parsed LaTeX AST: %WS1%/Anhang.tex .
[09:46:56.442][Cacher] Updated elements in 0.16 ms: %WS1%/Anhang.tex .
[09:46:56.460][Event] FILE_PARSED: "%WS1%/Anhang.tex"
[09:46:56.627][Cacher] Parsed LaTeX AST: %WS1%/Main.tex .
[09:46:56.636][File] Calling kpsewhich to resolve article.cls .
[09:46:56.922][Cacher] Bib %WS1%/Bibliografie.bib from %WS1%/Main.tex .
[09:46:56.927][Intelli][Citation] Parsing .bib entries from %WS1%/Bibliografie.bib
[09:46:56.943][Intelli][Citation] Parse BibTeX AST from %WS1%/Bibliografie.bib .
[09:46:56.943][Cacher][Watcher] Watched %WS1%/Bibliografie.bib with a new watcher on %WS1% .
[09:46:56.943][Event] FILE_WATCHED: "%WS1%/Bibliografie.bib"
[09:46:56.944][Cacher] Updated elements in 313.62 ms: %WS1%/Main.tex .
[09:46:56.952][Event] FILE_PARSED: "%WS1%/Main.tex"
[09:46:57.194][Structure] Structure force updated with 0 root sections for %WS1%/Main.tex .
[09:46:57.195][Event] STRUCTURE_UPDATED
[09:46:57.202][Structure] Structure updated with 10 root sections for %WS1%/Main.tex .
[09:46:57.203][Event] STRUCTURE_UPDATED
[09:46:57.209][Intelli][Citation] Parsed 1 bib entries from %WS1%/Bibliografie.bib .
[09:46:57.210][Event] FILE_PARSED: "%WS1%/Bibliografie.bib"
[09:46:57.302][Structure] Structure force updated with 10 root sections for %WS1%/Main.tex .
[09:46:57.302][Event] STRUCTURE_UPDATED
[09:47:01.431][Parser][TexLog] Logged 4 messages.
[09:47:01.450][Build] Recipe returns with error code 12/null on PID 242404.
[09:47:01.451][Build] Does the executable exist? $PATH: /usr/local/sbin:/usr/local/bin:/usr/sbin:/usr/bin:/sbin:/bin:/usr/games:/usr/local/games:/snap/bin:/snap/bin, $Path: undefined, $SHELL: /bin/bash
[09:47:01.451][Build] Rc files read:
  /etc/LatexMk
Latexmk: This is Latexmk, John Collins, 20 November 2021, version: 4.76.
Rule 'pdflatex': File changes, etc:
   Changed files, or newly in use since previous run(s):
      '%WS1%/Main.tex'
------------
Run number 1 of rule 'pdflatex'
------------
------------
Running 'pdflatex  -synctex=1 -interaction=nonstopmode -file-line-error -recorder  "%WS1%/Main.tex"'
------------
Latexmk: fls file doesn't appear to have been made.
Latexmk: Missing input file 'paratype.sty' (or dependence on it) from following:
  '! LaTeX Error: File `paratype.sty' not found.'
Collected error summary (may duplicate other messages):
  pdflatex: Command for 'pdflatex' gave return code 1
      Refer to 'Main.log' for details
Latexmk: Use the -f option to force complete processing,
 unless error was exceeding maximum runs, or warnings treated as errors.

[09:47:01.453][Build] Cleaning auxiliary files and retrying build after toolchain error.
[09:47:01.455][Cleaner] Clean temporary files command The command is latexmk:["-c","%WS1%/Main.tex"].
[09:47:01.525][Build] Recipe step 1 The command is latexmk:["-synctex=1","-interaction=nonstopmode","-file-line-error","-pdf","-outdir=%WS1%","%WS1%/Main"].
[09:47:01.525][Build] env: {}
[09:47:01.526][Build] root: %WS1%/Main.tex
[09:47:01.529][Build] cwd: %WS1%
[09:47:01.585][Build] LaTeX build process spawned with PID 242412.
[09:47:02.260][Event] AUTO_CLEANED
[09:47:06.187][Parser][TexLog] Logged 4 messages.
[09:47:06.213][Build] Recipe returns with error code 12/null on PID 242412.
[09:47:06.213][Build] Does the executable exist? $PATH: /usr/local/sbin:/usr/local/bin:/usr/sbin:/usr/bin:/sbin:/bin:/usr/games:/usr/local/games:/snap/bin:/snap/bin, $Path: undefined, $SHELL: /bin/bash
[09:47:06.214][Build] Rc files read:
  /etc/LatexMk
Latexmk: This is Latexmk, John Collins, 20 November 2021, version: 4.76.
Rule 'pdflatex': File changes, etc:
   Changed files, or newly in use since previous run(s):
      '%WS1%/Main.tex'
------------
Run number 1 of rule 'pdflatex'
------------
------------
Running 'pdflatex  -synctex=1 -interaction=nonstopmode -file-line-error -recorder  "%WS1%/Main.tex"'
------------
Latexmk: fls file doesn't appear to have been made.
Latexmk: Missing input file 'paratype.sty' (or dependence on it) from following:
  '! LaTeX Error: File `paratype.sty' not found.'
Collected error summary (may duplicate other messages):
  pdflatex: Command for 'pdflatex' gave return code 1
      Refer to 'Main.log' for details
Latexmk: Use the -f option to force complete processing,
 unless error was exceeding maximum runs, or warnings treated as errors.

[09:48:56.258][Root] Current workspace folders: ["file://%WS1%"]
[09:48:56.281][Root] Current workspaceRootDir: file://%WS1% .
[09:48:57.760][Root] Found files that might be root including the current root: %WS1%/Main.tex .
[09:48:57.760][Root] Keep using the same root file: %WS1%/Main.tex
[09:48:57.760][Event] ROOT_FILE_SEARCHED
[09:48:57.760][Event] STRUCTURE_UPDATED
[09:48:57.763][Event] STRUCTURE_UPDATED
[09:49:16.850][Extension] onDidSaveTextDocument triggered: file://%WS1%/style-eit-latex/EIT.sty
[09:49:33.774][Root] Current workspace folders: ["file://%WS1%"]
[09:49:33.778][Root] Found root file from active editor: %WS1%/Main.tex
[09:49:33.778][Root] Keep using the same root file: %WS1%/Main.tex
[09:49:33.778][Event] ROOT_FILE_SEARCHED
[09:49:33.779][Event] STRUCTURE_UPDATED
[09:49:33.784][Event] STRUCTURE_UPDATED
[09:49:35.699][Commander] BUILD command invoked.
[09:49:35.700][Build] The document of the active editor: file://%WS1%/Main.tex
[09:49:35.700][Build] The languageId of the document: latex
[09:49:35.701][Root] Current workspace folders: ["file://%WS1%"]
[09:49:35.705][Root] Found root file from active editor: %WS1%/Main.tex
[09:49:35.705][Root] Keep using the same root file: %WS1%/Main.tex
[09:49:35.706][Event] ROOT_FILE_SEARCHED
[09:49:35.706][Event] STRUCTURE_UPDATED
[09:49:35.707][Build] Building root file: %WS1%/Main.tex
[09:49:35.707][Build][Recipe] Build root file %WS1%/Main.tex
[09:49:35.724][Build][Recipe] Preparing to run recipe: latexmk.
[09:49:35.724][Build][Recipe] Prepared 1 tools.
[09:49:35.725][Build][Recipe] outDir: %WS1% .
[09:49:35.748][Build] Recipe step 1 The command is latexmk:["-synctex=1","-interaction=nonstopmode","-file-line-error","-pdf","-outdir=%WS1%","%WS1%/Main"].
[09:49:35.748][Build] env: {}
[09:49:35.748][Build] root: %WS1%/Main.tex
[09:49:35.750][Build] cwd: %WS1%
[09:49:35.765][Build] LaTeX build process spawned with PID 242450.
[09:49:45.114][Build] Recipe returns with error code 12/null on PID 242450.
[09:49:45.114][Build] Does the executable exist? $PATH: /usr/local/sbin:/usr/local/bin:/usr/sbin:/usr/bin:/sbin:/bin:/usr/games:/usr/local/games:/snap/bin:/snap/bin, $Path: undefined, $SHELL: /bin/bash
[09:49:45.114][Build] Rc files read:
  /etc/LatexMk
Latexmk: This is Latexmk, John Collins, 20 November 2021, version: 4.76.
Rule 'pdflatex': File changes, etc:
   Changed files, or newly in use since previous run(s):
      'style-eit-latex/EIT.sty'
------------
Run number 1 of rule 'pdflatex'
------------
------------
Running 'pdflatex  -synctex=1 -interaction=nonstopmode -file-line-error -recorder  "%WS1%/Main.tex"'
------------
Latexmk: fls file doesn't appear to have been made.
Collected error summary (may duplicate other messages):
  pdflatex: Command for 'pdflatex' gave return code 1
      Refer to 'Main.log' for details
Latexmk: Use the -f option to force complete processing,
 unless error was exceeding maximum runs, or warnings treated as errors.

[09:49:45.116][Build] Cleaning auxiliary files and retrying build after toolchain error.
[09:49:45.117][Cleaner] Clean temporary files command The command is latexmk:["-c","%WS1%/Main.tex"].
[09:49:45.150][Build] Recipe step 1 The command is latexmk:["-synctex=1","-interaction=nonstopmode","-file-line-error","-pdf","-outdir=%WS1%","%WS1%/Main"].
[09:49:45.151][Build] env: {}
[09:49:45.156][Build] root: %WS1%/Main.tex
[09:49:45.156][Build] cwd: %WS1%
[09:49:45.194][Build] LaTeX build process spawned with PID 242455.
[09:49:46.015][Event] AUTO_CLEANED
[09:49:46.135][Build] Finished a step in recipe with PID 242455.
[09:49:46.136][Build] Successfully built %WS1%/Main.tex .
[09:49:46.136][Event] BUILD_DONE
[09:49:46.153][Viewer] Call refreshExistingViewer: "%WS1%/Main.pdf" .
[09:49:46.154][Viewer] Not found PDF viewers to refresh: %WS1%/Main.pdf
[09:49:55.136][Commander] VIEW command invoked with mode: tab.
[09:49:55.136][Root] Current workspace folders: ["file://%WS1%"]
[09:49:55.138][Root] Found root file from active editor: %WS1%/Main.tex
[09:49:55.138][Root] Keep using the same root file: %WS1%/Main.tex
[09:49:55.139][Event] ROOT_FILE_SEARCHED
[09:49:55.139][Event] STRUCTURE_UPDATED
[09:49:55.585][Viewer][Panel] Internal PDF viewer at http://127.0.0.1:34195/viewer.html?file=pdf..ZmlsZSUzQSUyRiUyRiUyRm1lZGlhJTJGc2ZfVGhlc2lzJTJGdGhlc2lzLWVpdC1sYXRleCUyRk1haW4ucGRm .
[09:49:55.586][Cacher][Watcher] Watched %WS1%/Main.pdf with a new watcher on %WS1% .
[09:49:55.586][Event] FILE_WATCHED: "%WS1%/Main.pdf"
[09:49:55.821][Event] STRUCTURE_UPDATED
[09:49:55.868][Viewer] Open PDF tab for file://%WS1%/Main.pdf
[09:49:57.380][Viewer] Handle data type: open
[09:49:57.794][Server] Preview PDF file: file://%WS1%/Main.pdf
[09:49:58.584][Viewer] Handle data type: loaded
[09:49:58.584][Event] VIEWER_PAGE_LOADED
[09:50:31.007][Cacher][Watcher] Reset.
[09:50:31.008][Cacher][Watcher] Reset.
[09:50:31.008][Cacher][Watcher] Reset.
