ReadyRc files read:
  /etc/LatexMk
Latexmk: This is Latexmk, John Collins, 20 November 2021, version: 4.76.
Rule 'pdflatex': File changes, etc:
   Changed files, or newly in use since previous run(s):
      '/media/sf_Thesis/thesis-eit-latex/Main.tex'
------------
Run number 1 of rule 'pdflatex'
------------
------------
Running 'pdflatex  -synctex=1 -interaction=nonstopmode -file-line-error -recorder  "/media/sf_Thesis/thesis-eit-latex/Main.tex"'
------------
Latexmk: applying rule 'pdflatex'...
This is pdfTeX, Version 3.141592653-2.6-1.40.22 (TeX Live 2022/dev/Debian) (preloaded format=pdflatex)
 restricted \write18 enabled.
entering extended mode
(/media/sf_Thesis/thesis-eit-latex/Main.tex
LaTeX2e <2021-11-15> patch level 1
L3 programming layer <2022-01-21> (/usr/share/texlive/texmf-dist/tex/latex/base/article.cls
Document Class: article 2021/10/04 v1.4n Standard LaTeX document class
(/usr/share/texlive/texmf-dist/tex/latex/base/size11.clo)) (./style-eit-latex/EIT.sty (/usr/share/texlive/texmf-dist/tex/generic/babel/babel.sty (/usr/share/texlive/texmf-dist/tex/generic/babel/txtbabel.def) (/usr/share/texlive/texmf-dist/tex/generic/babel-english/english.ldf)

/usr/share/texlive/texmf-dist/tex/generic/babel/babel.sty:4254: Package babel Error: Unknown option 'ngerman'. Either you misspelled it
(babel)                or the language definition file ngerman.ldf was not found.

See the babel package documentation for explanation.
Type  H <return>  for immediate help.
 ...                                              
                                                  
l.4254 \ProcessOptions*
                       
) (/usr/share/texlive/texmf-dist/tex/latex/etoolbox/etoolbox.sty) (/usr/share/texlive/texmf-dist/tex/latex/geometry/geometry.sty (/usr/share/texlive/texmf-dist/tex/latex/graphics/keyval.sty) (/usr/share/texlive/texmf-dist/tex/generic/iftex/ifvtex.sty (/usr/share/texlive/texmf-dist/tex/generic/iftex/iftex.sty))) (/usr/share/texlive/texmf-dist/tex/latex/url/url.sty) (/usr/share/texlive/texmf-dist/tex/latex/fancyhdr/fancyhdr.sty) (/usr/share/texlive/texmf-dist/tex/latex/amsmath/amsmath.sty
For additional information on amsmath, use the `?' option.
(/usr/share/texlive/texmf-dist/tex/latex/amsmath/amstext.sty (/usr/share/texlive/texmf-dist/tex/latex/amsmath/amsgen.sty)) (/usr/share/texlive/texmf-dist/tex/latex/amsmath/amsbsy.sty) (/usr/share/texlive/texmf-dist/tex/latex/amsmath/amsopn.sty)) (/usr/share/texlive/texmf-dist/tex/latex/amsfonts/amsfonts.sty) (/usr/share/texlive/texmf-dist/tex/latex/amsfonts/amssymb.sty) (/usr/share/texlive/texmf-dist/tex/latex/graphics/graphicx.sty (/usr/share/texlive/texmf-dist/tex/latex/graphics/graphics.sty (/usr/share/texlive/texmf-dist/tex/latex/graphics/trig.sty) (/usr/share/texlive/texmf-dist/tex/latex/graphics-cfg/graphics.cfg) (/usr/share/texlive/texmf-dist/tex/latex/graphics-def/pdftex.def))) (/usr/share/texlive/texmf-dist/tex/latex/tools/bm.sty) (/usr/share/texlive/texmf-dist/tex/latex/hyperref/hyperref.sty (/usr/share/texlive/texmf-dist/tex/generic/ltxcmds/ltxcmds.sty) (/usr/share/texlive/texmf-dist/tex/generic/pdftexcmds/pdftexcmds.sty (/usr/share/texlive/texmf-dist/tex/generic/infwarerr/infwarerr.sty)) (/usr/share/texlive/texmf-dist/tex/generic/kvsetkeys/kvsetkeys.sty) (/usr/share/texlive/texmf-dist/tex/generic/kvdefinekeys/kvdefinekeys.sty) (/usr/share/texlive/texmf-dist/tex/generic/pdfescape/pdfescape.sty) (/usr/share/texlive/texmf-dist/tex/latex/hycolor/hycolor.sty) (/usr/share/texlive/texmf-dist/tex/latex/letltxmacro/letltxmacro.sty) (/usr/share/texlive/texmf-dist/tex/latex/auxhook/auxhook.sty) (/usr/share/texlive/texmf-dist/tex/latex/kvoptions/kvoptions.sty) (/usr/share/texlive/texmf-dist/tex/latex/hyperref/pd1enc.def) (/usr/share/texlive/texmf-dist/tex/latex/hyperref/hyperref-langpatches.def) (/usr/share/texlive/texmf-dist/tex/generic/intcalc/intcalc.sty) (/usr/share/texlive/texmf-dist/tex/generic/etexcmds/etexcmds.sty) (/usr/share/texlive/texmf-dist/tex/latex/hyperref/puenc.def) (/usr/share/texlive/texmf-dist/tex/generic/bitset/bitset.sty (/usr/share/texlive/texmf-dist/tex/generic/bigintcalc/bigintcalc.sty)) (/usr/share/texlive/texmf-dist/tex/latex/base/atbegshi-ltx.sty)) (/usr/share/texlive/texmf-dist/tex/latex/hyperref/hpdftex.def (/usr/share/texlive/texmf-dist/tex/latex/base/atveryend-ltx.sty) (/usr/share/texlive/texmf-dist/tex/latex/rerunfilecheck/rerunfilecheck.sty (/usr/share/texlive/texmf-dist/tex/generic/uniquecounter/uniquecounter.sty))) (/usr/share/texlive/texmf-dist/tex/latex/bookmark/bookmark.sty (/usr/share/texlive/texmf-dist/tex/latex/bookmark/bkm-pdftex.def)) (/usr/share/texlive/texmf-dist/tex/latex/sttools/flushend.sty) (/usr/share/texlive/texmf-dist/tex/latex/units/nicefrac.sty (/usr/share/texlive/texmf-dist/tex/latex/base/ifthen.sty)) (/usr/share/texlive/texmf-dist/tex/latex/paralist/paralist.sty) (/usr/share/texlive/texmf-dist/tex/latex/booktabs/booktabs.sty) (/usr/share/texlive/texmf-dist/tex/latex/multirow/multirow.sty) (/usr/share/texlive/texmf-dist/tex/latex/tools/tabularx.sty (/usr/share/texlive/texmf-dist/tex/latex/tools/array.sty)) (/usr/share/texlive/texmf-dist/tex/latex/xltabular/xltabular.sty (/usr/share/texlive/texmf-dist/tex/latex/ltablex/ltablex.sty (/usr/share/texlive/texmf-dist/tex/latex/tools/longtable.sty))) (/usr/share/texlive/texmf-dist/tex/latex/environ/environ.sty (/usr/share/texlive/texmf-dist/tex/latex/trimspaces/trimspaces.sty)) (/usr/share/texlive/texmf-dist/tex/latex/siunitx/siunitx.sty (/usr/share/texlive/texmf-dist/tex/latex/translations/translations.sty) (/usr/share/texlive/texmf-dist/tex/latex/l3packages/l3keys2e/l3keys2e.sty (/usr/share/texlive/texmf-dist/tex/latex/l3kernel/expl3.sty (/usr/share/texlive/texmf-dist/tex/latex/l3backend/l3backend-pdftex.def)))) (/usr/share/texlive/texmf-dist/tex/latex/threeparttable/threeparttable.sty) (/usr/share/texlive/texmf-dist/tex/latex/makecell/makecell.sty) (/usr/share/texlive/texmf-dist/tex/latex/sttools/stfloats.sty) (/usr/share/texlive/texmf-dist/tex/latex/cleveref/cleveref.sty)

! LaTeX Error: File `paratype.sty' not found.

Type X to quit or <RETURN> to proceed,
or enter new name. (Default extension: sty)

Enter file name: 
./style-eit-latex/EIT.sty:106: Emergency stop.
<read *> 
         
l.106 \RequirePackage
                     {titlesec}^^M
./style-eit-latex/EIT.sty:106:  ==> Fatal error occurred, no output PDF file produced!
Transcript written on Main.log.
Latexmk: fls file doesn't appear to have been made.
Latexmk: Missing input file 'paratype.sty' (or dependence on it) from following:
  '! LaTeX Error: File `paratype.sty' not found.'
Collected error summary (may duplicate other messages):
  pdflatex: Command for 'pdflatex' gave return code 1
      Refer to 'Main.log' for details
Latexmk: Use the -f option to force complete processing,
 unless error was exceeding maximum runs, or warnings treated as errors.
Latexmk: Examining 'Main.log'
=== TeX engine is 'pdfTeX'
Latexmk: Errors, so I did not complete making targets
Rc files read:
  /etc/LatexMk
Latexmk: This is Latexmk, John Collins, 20 November 2021, version: 4.76.
Rule 'pdflatex': File changes, etc:
   Changed files, or newly in use since previous run(s):
      '/media/sf_Thesis/thesis-eit-latex/Main.tex'
------------
Run number 1 of rule 'pdflatex'
------------
------------
Running 'pdflatex  -synctex=1 -interaction=nonstopmode -file-line-error -recorder  "/media/sf_Thesis/thesis-eit-latex/Main.tex"'
------------
Latexmk: applying rule 'pdflatex'...
This is pdfTeX, Version 3.141592653-2.6-1.40.22 (TeX Live 2022/dev/Debian) (preloaded format=pdflatex)
 restricted \write18 enabled.
entering extended mode
(/media/sf_Thesis/thesis-eit-latex/Main.tex
LaTeX2e <2021-11-15> patch level 1
L3 programming layer <2022-01-21> (/usr/share/texlive/texmf-dist/tex/latex/base/article.cls
Document Class: article 2021/10/04 v1.4n Standard LaTeX document class
(/usr/share/texlive/texmf-dist/tex/latex/base/size11.clo)) (./style-eit-latex/EIT.sty (/usr/share/texlive/texmf-dist/tex/generic/babel/babel.sty (/usr/share/texlive/texmf-dist/tex/generic/babel/txtbabel.def) (/usr/share/texlive/texmf-dist/tex/generic/babel-english/english.ldf)

/usr/share/texlive/texmf-dist/tex/generic/babel/babel.sty:4254: Package babel Error: Unknown option 'ngerman'. Either you misspelled it
(babel)                or the language definition file ngerman.ldf was not found.

See the babel package documentation for explanation.
Type  H <return>  for immediate help.
 ...                                              
                                                  
l.4254 \ProcessOptions*
                       
) (/usr/share/texlive/texmf-dist/tex/latex/etoolbox/etoolbox.sty) (/usr/share/texlive/texmf-dist/tex/latex/geometry/geometry.sty (/usr/share/texlive/texmf-dist/tex/latex/graphics/keyval.sty) (/usr/share/texlive/texmf-dist/tex/generic/iftex/ifvtex.sty (/usr/share/texlive/texmf-dist/tex/generic/iftex/iftex.sty))) (/usr/share/texlive/texmf-dist/tex/latex/url/url.sty) (/usr/share/texlive/texmf-dist/tex/latex/fancyhdr/fancyhdr.sty) (/usr/share/texlive/texmf-dist/tex/latex/amsmath/amsmath.sty
For additional information on amsmath, use the `?' option.
(/usr/share/texlive/texmf-dist/tex/latex/amsmath/amstext.sty (/usr/share/texlive/texmf-dist/tex/latex/amsmath/amsgen.sty)) (/usr/share/texlive/texmf-dist/tex/latex/amsmath/amsbsy.sty) (/usr/share/texlive/texmf-dist/tex/latex/amsmath/amsopn.sty)) (/usr/share/texlive/texmf-dist/tex/latex/amsfonts/amsfonts.sty) (/usr/share/texlive/texmf-dist/tex/latex/amsfonts/amssymb.sty) (/usr/share/texlive/texmf-dist/tex/latex/graphics/graphicx.sty (/usr/share/texlive/texmf-dist/tex/latex/graphics/graphics.sty (/usr/share/texlive/texmf-dist/tex/latex/graphics/trig.sty) (/usr/share/texlive/texmf-dist/tex/latex/graphics-cfg/graphics.cfg) (/usr/share/texlive/texmf-dist/tex/latex/graphics-def/pdftex.def))) (/usr/share/texlive/texmf-dist/tex/latex/tools/bm.sty) (/usr/share/texlive/texmf-dist/tex/latex/hyperref/hyperref.sty (/usr/share/texlive/texmf-dist/tex/generic/ltxcmds/ltxcmds.sty) (/usr/share/texlive/texmf-dist/tex/generic/pdftexcmds/pdftexcmds.sty (/usr/share/texlive/texmf-dist/tex/generic/infwarerr/infwarerr.sty)) (/usr/share/texlive/texmf-dist/tex/generic/kvsetkeys/kvsetkeys.sty) (/usr/share/texlive/texmf-dist/tex/generic/kvdefinekeys/kvdefinekeys.sty) (/usr/share/texlive/texmf-dist/tex/generic/pdfescape/pdfescape.sty) (/usr/share/texlive/texmf-dist/tex/latex/hycolor/hycolor.sty) (/usr/share/texlive/texmf-dist/tex/latex/letltxmacro/letltxmacro.sty) (/usr/share/texlive/texmf-dist/tex/latex/auxhook/auxhook.sty) (/usr/share/texlive/texmf-dist/tex/latex/kvoptions/kvoptions.sty) (/usr/share/texlive/texmf-dist/tex/latex/hyperref/pd1enc.def) (/usr/share/texlive/texmf-dist/tex/latex/hyperref/hyperref-langpatches.def) (/usr/share/texlive/texmf-dist/tex/generic/intcalc/intcalc.sty) (/usr/share/texlive/texmf-dist/tex/generic/etexcmds/etexcmds.sty) (/usr/share/texlive/texmf-dist/tex/latex/hyperref/puenc.def) (/usr/share/texlive/texmf-dist/tex/generic/bitset/bitset.sty (/usr/share/texlive/texmf-dist/tex/generic/bigintcalc/bigintcalc.sty)) (/usr/share/texlive/texmf-dist/tex/latex/base/atbegshi-ltx.sty)) (/usr/share/texlive/texmf-dist/tex/latex/hyperref/hpdftex.def (/usr/share/texlive/texmf-dist/tex/latex/base/atveryend-ltx.sty) (/usr/share/texlive/texmf-dist/tex/latex/rerunfilecheck/rerunfilecheck.sty (/usr/share/texlive/texmf-dist/tex/generic/uniquecounter/uniquecounter.sty))) (/usr/share/texlive/texmf-dist/tex/latex/bookmark/bookmark.sty (/usr/share/texlive/texmf-dist/tex/latex/bookmark/bkm-pdftex.def)) (/usr/share/texlive/texmf-dist/tex/latex/sttools/flushend.sty) (/usr/share/texlive/texmf-dist/tex/latex/units/nicefrac.sty (/usr/share/texlive/texmf-dist/tex/latex/base/ifthen.sty)) (/usr/share/texlive/texmf-dist/tex/latex/paralist/paralist.sty) (/usr/share/texlive/texmf-dist/tex/latex/booktabs/booktabs.sty) (/usr/share/texlive/texmf-dist/tex/latex/multirow/multirow.sty) (/usr/share/texlive/texmf-dist/tex/latex/tools/tabularx.sty (/usr/share/texlive/texmf-dist/tex/latex/tools/array.sty)) (/usr/share/texlive/texmf-dist/tex/latex/xltabular/xltabular.sty (/usr/share/texlive/texmf-dist/tex/latex/ltablex/ltablex.sty (/usr/share/texlive/texmf-dist/tex/latex/tools/longtable.sty))) (/usr/share/texlive/texmf-dist/tex/latex/environ/environ.sty (/usr/share/texlive/texmf-dist/tex/latex/trimspaces/trimspaces.sty)) (/usr/share/texlive/texmf-dist/tex/latex/siunitx/siunitx.sty (/usr/share/texlive/texmf-dist/tex/latex/translations/translations.sty) (/usr/share/texlive/texmf-dist/tex/latex/l3packages/l3keys2e/l3keys2e.sty (/usr/share/texlive/texmf-dist/tex/latex/l3kernel/expl3.sty (/usr/share/texlive/texmf-dist/tex/latex/l3backend/l3backend-pdftex.def)))) (/usr/share/texlive/texmf-dist/tex/latex/threeparttable/threeparttable.sty) (/usr/share/texlive/texmf-dist/tex/latex/makecell/makecell.sty) (/usr/share/texlive/texmf-dist/tex/latex/sttools/stfloats.sty) (/usr/share/texlive/texmf-dist/tex/latex/cleveref/cleveref.sty)

! LaTeX Error: File `paratype.sty' not found.

Type X to quit or <RETURN> to proceed,
or enter new name. (Default extension: sty)

Enter file name: 
./style-eit-latex/EIT.sty:106: Emergency stop.
<read *> 
         
l.106 \RequirePackage
                     {titlesec}^^M
./style-eit-latex/EIT.sty:106:  ==> Fatal error occurred, no output PDF file produced!
Transcript written on Main.log.
Latexmk: fls file doesn't appear to have been made.
Latexmk: Missing input file 'paratype.sty' (or dependence on it) from following:
  '! LaTeX Error: File `paratype.sty' not found.'
Collected error summary (may duplicate other messages):
  pdflatex: Command for 'pdflatex' gave return code 1
      Refer to 'Main.log' for details
Latexmk: Use the -f option to force complete processing,
 unless error was exceeding maximum runs, or warnings treated as errors.
Latexmk: Examining 'Main.log'
=== TeX engine is 'pdfTeX'
Latexmk: Errors, so I did not complete making targets
Rc files read:
  /etc/LatexMk
Latexmk: This is Latexmk, John Collins, 20 November 2021, version: 4.76.
Rule 'pdflatex': File changes, etc:
   Changed files, or newly in use since previous run(s):
      'style-eit-latex/EIT.sty'
------------
Run number 1 of rule 'pdflatex'
------------
------------
Running 'pdflatex  -synctex=1 -interaction=nonstopmode -file-line-error -recorder  "/media/sf_Thesis/thesis-eit-latex/Main.tex"'
------------
Latexmk: applying rule 'pdflatex'...
This is pdfTeX, Version 3.141592653-2.6-1.40.22 (TeX Live 2022/dev/Debian) (preloaded format=pdflatex)
 restricted \write18 enabled.
entering extended mode
(/media/sf_Thesis/thesis-eit-latex/Main.tex
LaTeX2e <2021-11-15> patch level 1
L3 programming layer <2022-01-21> (/usr/share/texlive/texmf-dist/tex/latex/base/article.cls
Document Class: article 2021/10/04 v1.4n Standard LaTeX document class
(/usr/share/texlive/texmf-dist/tex/latex/base/size11.clo)) (./style-eit-latex/EIT.sty (/usr/share/texlive/texmf-dist/tex/generic/babel/babel.sty (/usr/share/texlive/texmf-dist/tex/generic/babel/txtbabel.def) (/usr/share/texlive/texmf-dist/tex/generic/babel-english/english.ldf)

/usr/share/texlive/texmf-dist/tex/generic/babel/babel.sty:4254: Package babel Error: Unknown option 'ngerman'. Either you misspelled it
(babel)                or the language definition file ngerman.ldf was not found.

See the babel package documentation for explanation.
Type  H <return>  for immediate help.
 ...                                              
                                                  
l.4254 \ProcessOptions*
                       
) (/usr/share/texlive/texmf-dist/tex/latex/etoolbox/etoolbox.sty) (/usr/share/texlive/texmf-dist/tex/latex/geometry/geometry.sty (/usr/share/texlive/texmf-dist/tex/latex/graphics/keyval.sty) (/usr/share/texlive/texmf-dist/tex/generic/iftex/ifvtex.sty (/usr/share/texlive/texmf-dist/tex/generic/iftex/iftex.sty))) (/usr/share/texlive/texmf-dist/tex/latex/url/url.sty) (/usr/share/texlive/texmf-dist/tex/latex/fancyhdr/fancyhdr.sty) (/usr/share/texlive/texmf-dist/tex/latex/amsmath/amsmath.sty
For additional information on amsmath, use the `?' option.
(/usr/share/texlive/texmf-dist/tex/latex/amsmath/amstext.sty (/usr/share/texlive/texmf-dist/tex/latex/amsmath/amsgen.sty)) (/usr/share/texlive/texmf-dist/tex/latex/amsmath/amsbsy.sty) (/usr/share/texlive/texmf-dist/tex/latex/amsmath/amsopn.sty)) (/usr/share/texlive/texmf-dist/tex/latex/amsfonts/amsfonts.sty) (/usr/share/texlive/texmf-dist/tex/latex/amsfonts/amssymb.sty) (/usr/share/texlive/texmf-dist/tex/latex/graphics/graphicx.sty (/usr/share/texlive/texmf-dist/tex/latex/graphics/graphics.sty (/usr/share/texlive/texmf-dist/tex/latex/graphics/trig.sty) (/usr/share/texlive/texmf-dist/tex/latex/graphics-cfg/graphics.cfg) (/usr/share/texlive/texmf-dist/tex/latex/graphics-def/pdftex.def))) (/usr/share/texlive/texmf-dist/tex/latex/tools/bm.sty) (/usr/share/texlive/texmf-dist/tex/latex/hyperref/hyperref.sty (/usr/share/texlive/texmf-dist/tex/generic/ltxcmds/ltxcmds.sty) (/usr/share/texlive/texmf-dist/tex/generic/pdftexcmds/pdftexcmds.sty (/usr/share/texlive/texmf-dist/tex/generic/infwarerr/infwarerr.sty)) (/usr/share/texlive/texmf-dist/tex/generic/kvsetkeys/kvsetkeys.sty) (/usr/share/texlive/texmf-dist/tex/generic/kvdefinekeys/kvdefinekeys.sty) (/usr/share/texlive/texmf-dist/tex/generic/pdfescape/pdfescape.sty) (/usr/share/texlive/texmf-dist/tex/latex/hycolor/hycolor.sty) (/usr/share/texlive/texmf-dist/tex/latex/letltxmacro/letltxmacro.sty) (/usr/share/texlive/texmf-dist/tex/latex/auxhook/auxhook.sty) (/usr/share/texlive/texmf-dist/tex/latex/kvoptions/kvoptions.sty) (/usr/share/texlive/texmf-dist/tex/latex/hyperref/pd1enc.def) (/usr/share/texlive/texmf-dist/tex/latex/hyperref/hyperref-langpatches.def) (/usr/share/texlive/texmf-dist/tex/generic/intcalc/intcalc.sty) (/usr/share/texlive/texmf-dist/tex/generic/etexcmds/etexcmds.sty) (/usr/share/texlive/texmf-dist/tex/latex/hyperref/puenc.def) (/usr/share/texlive/texmf-dist/tex/generic/bitset/bitset.sty (/usr/share/texlive/texmf-dist/tex/generic/bigintcalc/bigintcalc.sty)) (/usr/share/texlive/texmf-dist/tex/latex/base/atbegshi-ltx.sty)) (/usr/share/texlive/texmf-dist/tex/latex/hyperref/hpdftex.def (/usr/share/texlive/texmf-dist/tex/latex/base/atveryend-ltx.sty) (/usr/share/texlive/texmf-dist/tex/latex/rerunfilecheck/rerunfilecheck.sty (/usr/share/texlive/texmf-dist/tex/generic/uniquecounter/uniquecounter.sty))) (/usr/share/texlive/texmf-dist/tex/latex/bookmark/bookmark.sty (/usr/share/texlive/texmf-dist/tex/latex/bookmark/bkm-pdftex.def)) (/usr/share/texlive/texmf-dist/tex/latex/sttools/flushend.sty) (/usr/share/texlive/texmf-dist/tex/latex/units/nicefrac.sty (/usr/share/texlive/texmf-dist/tex/latex/base/ifthen.sty)) (/usr/share/texlive/texmf-dist/tex/latex/paralist/paralist.sty) (/usr/share/texlive/texmf-dist/tex/latex/booktabs/booktabs.sty) (/usr/share/texlive/texmf-dist/tex/latex/multirow/multirow.sty) (/usr/share/texlive/texmf-dist/tex/latex/tools/tabularx.sty (/usr/share/texlive/texmf-dist/tex/latex/tools/array.sty)) (/usr/share/texlive/texmf-dist/tex/latex/xltabular/xltabular.sty (/usr/share/texlive/texmf-dist/tex/latex/ltablex/ltablex.sty (/usr/share/texlive/texmf-dist/tex/latex/tools/longtable.sty))) (/usr/share/texlive/texmf-dist/tex/latex/environ/environ.sty (/usr/share/texlive/texmf-dist/tex/latex/trimspaces/trimspaces.sty)) (/usr/share/texlive/texmf-dist/tex/latex/siunitx/siunitx.sty (/usr/share/texlive/texmf-dist/tex/latex/translations/translations.sty) (/usr/share/texlive/texmf-dist/tex/latex/l3packages/l3keys2e/l3keys2e.sty (/usr/share/texlive/texmf-dist/tex/latex/l3kernel/expl3.sty (/usr/share/texlive/texmf-dist/tex/latex/l3backend/l3backend-pdftex.def)))) (/usr/share/texlive/texmf-dist/tex/latex/threeparttable/threeparttable.sty) (/usr/share/texlive/texmf-dist/tex/latex/makecell/makecell.sty) (/usr/share/texlive/texmf-dist/tex/latex/sttools/stfloats.sty) (/usr/share/texlive/texmf-dist/tex/latex/cleveref/cleveref.sty) (/usr/share/texlive/texmf-dist/tex/latex/eso-pic/eso-pic.sty (/usr/share/texlive/texmf-dist/tex/latex/xcolor/xcolor.sty (/usr/share/texlive/texmf-dist/tex/latex/graphics-cfg/color.cfg))) (/usr/share/texlive/texmf-dist/tex/latex/svg/svg.sty (/usr/share/texlive/texmf-dist/tex/latex/koma-script/scrbase.sty (/usr/share/texlive/texmf-dist/tex/latex/koma-script/scrlfile.sty (/usr/share/texlive/texmf-dist/tex/latex/koma-script/scrlfile-hook.sty (/usr/share/texlive/texmf-dist/tex/latex/koma-script/scrlogo.sty)))) (/usr/share/texlive/texmf-dist/tex/latex/tools/shellesc.sty)) (/usr/share/texlive/texmf-dist/tex/latex/transparent/transparent.sty) (/usr/share/texlive/texmf-dist/tex/latex/pgf/systemlayer/pgfsys.sty (/usr/share/texlive/texmf-dist/tex/latex/pgf/utilities/pgfrcs.sty (/usr/share/texlive/texmf-dist/tex/generic/pgf/utilities/pgfutil-common.tex (/usr/share/texlive/texmf-dist/tex/generic/pgf/utilities/pgfutil-common-lists.tex)) (/usr/share/texlive/texmf-dist/tex/generic/pgf/utilities/pgfutil-latex.def) (/usr/share/texlive/texmf-dist/tex/generic/pgf/utilities/pgfrcs.code.tex (/usr/share/texlive/texmf-dist/tex/generic/pgf/pgf.revision.tex))) (/usr/share/texlive/texmf-dist/tex/generic/pgf/systemlayer/pgfsys.code.tex (/usr/share/texlive/texmf-dist/tex/generic/pgf/utilities/pgfkeys.code.tex (/usr/share/texlive/texmf-dist/tex/generic/pgf/utilities/pgfkeysfiltered.code.tex)) (/usr/share/texlive/texmf-dist/tex/generic/pgf/systemlayer/pgf.cfg) (/usr/share/texlive/texmf-dist/tex/generic/pgf/systemlayer/pgfsys-pdftex.def (/usr/share/texlive/texmf-dist/tex/generic/pgf/systemlayer/pgfsys-common-pdf.def))) (/usr/share/texlive/texmf-dist/tex/generic/pgf/systemlayer/pgfsyssoftpath.code.tex) (/usr/share/texlive/texmf-dist/tex/generic/pgf/systemlayer/pgfsysprotocol.code.tex)) (/usr/share/texlive/texmf-dist/tex/latex/vcell/vcell.sty) (/usr/share/texlive/texmf-dist/tex/latex/fontspec/fontspec.sty (/usr/share/texlive/texmf-dist/tex/latex/l3packages/xparse/xparse.sty)

/usr/share/texlive/texmf-dist/tex/latex/fontspec/fontspec.sty:45: Fatal Package fontspec Error: The fontspec package requires either XeTeX or
(fontspec)                      LuaTeX.
(fontspec)                      
(fontspec)                      You must change your typesetting engine to,
(fontspec)                      e.g., "xelatex" or "lualatex" instead of
(fontspec)                      "latex" or "pdflatex".

Type <return> to continue.
 ...                                              
                                                  
l.45 \msg_fatal:nn {fontspec} {cannot-use-pdftex}
                                                 

Latexmk: fls file doesn't appear to have been made.
Collected error summary (may duplicate other messages):
  pdflatex: Command for 'pdflatex' gave return code 1
      Refer to 'Main.log' for details
Latexmk: Use the -f option to force complete processing,
 unless error was exceeding maximum runs, or warnings treated as errors.
Latexmk: Examining 'Main.log'
=== TeX engine is 'pdfTeX'
Latexmk: Errors, so I did not complete making targets
Rc files read:
  /etc/LatexMk
Latexmk: This is Latexmk, John Collins, 20 November 2021, version: 4.76.
Nothing to do
Latexmk: All targets (Main.pdf) are up-to-date
