2024-02-26 09:42:37.357 [info] Extension host with pid 242086 started
2024-02-26 09:42:37.545 [info] ExtensionService#_doActivateExtension vscode.git-base, startup: true, activationEvent: '*', root cause: vscode.git
2024-02-26 09:42:37.724 [info] ExtensionService#_doActivateExtension vscode.git, startup: true, activationEvent: '*'
2024-02-26 09:42:38.268 [info] ExtensionService#_doActivateExtension vscode.github, startup: true, activationEvent: '*'
2024-02-26 09:42:39.159 [info] Eager extensions activated
2024-02-26 09:42:40.155 [info] ExtensionService#_doActivateExtension vscode.debug-auto-launch, startup: false, activationEvent: 'onStartupFinished'
2024-02-26 09:42:40.168 [info] ExtensionService#_doActivateExtension vscode.merge-conflict, startup: false, activationEvent: 'onStartupFinished'
2024-02-26 09:45:23.478 [info] ExtensionService#_doActivateExtension vscode.json-language-features, startup: false, activationEvent: 'onLanguage:jsonc'
2024-02-26 09:45:23.909 [info] ExtensionService#_doActivateExtension vscode.typescript-language-features, startup: false, activationEvent: 'onLanguage:jsonc'
2024-02-26 09:45:24.518 [info] ExtensionService#_doActivateExtension vscode.emmet, startup: false, activationEvent: 'onLanguage'
2024-02-26 09:45:39.201 [info] Extension host terminating: renderer closed the MessagePort
2024-02-26 09:45:39.655 [info] Extension host with pid 242086 exiting with code 0
2024-02-26 09:45:45.419 [info] Extension host with pid 242312 started
2024-02-26 09:45:45.419 [info] Skipping acquiring lock for /home/ijyothi/.config/Code/User/workspaceStorage/1b4c326e0d1adfcf8f310b7ae6b6f36e.
2024-02-26 09:45:45.617 [info] ExtensionService#_doActivateExtension vscode.emmet, startup: false, activationEvent: 'onLanguage'
2024-02-26 09:45:45.943 [info] ExtensionService#_doActivateExtension vscode.git-base, startup: true, activationEvent: '*'
2024-02-26 09:45:46.130 [info] ExtensionService#_doActivateExtension vscode.github, startup: true, activationEvent: '*'
2024-02-26 09:45:46.325 [info] Eager extensions activated
2024-02-26 09:45:46.396 [info] ExtensionService#_doActivateExtension vscode.debug-auto-launch, startup: false, activationEvent: 'onStartupFinished'
2024-02-26 09:45:46.402 [info] ExtensionService#_doActivateExtension vscode.merge-conflict, startup: false, activationEvent: 'onStartupFinished'
2024-02-26 09:45:54.526 [info] ExtensionService#_doActivateExtension vscode.git, startup: false, activationEvent: 'api', root cause: vscode.github
2024-02-26 09:46:44.344 [info] ExtensionService#_doActivateExtension James-Yu.latex-workshop, startup: false, activationEvent: 'onLanguage:latex'
2024-02-26 09:46:48.061 [warning] DiagnosticCollection with name 'BibTeX' does already exist.
2024-02-26 09:50:30.845 [info] Extension host terminating: renderer closed the MessagePort
2024-02-26 09:50:31.069 [info] Extension host with pid 242312 exiting with code 0
