2024-02-26 09:42:32.729 [info] Added views:workbench.panel.markers.view in workbench.panel.markers
2024-02-26 09:42:32.729 [info] Added views:workbench.panel.output in workbench.panel.output
2024-02-26 09:42:32.729 [info] Added views:terminal in terminal
2024-02-26 09:42:32.729 [info] Added views:outline in workbench.view.explorer
2024-02-26 09:42:32.729 [info] Added views:workbench.scm in workbench.view.scm
2024-02-26 09:42:32.729 [info] Added views:workbench.view.search in workbench.view.search
2024-02-26 09:42:32.729 [info] Added views:timeline in workbench.view.explorer
2024-02-26 09:42:32.729 [info] Added views:workbench.explorer.emptyView in workbench.view.explorer
2024-02-26 09:42:37.454 [info] Added views:workbench.debug.variablesView,workbench.debug.watchExpressionsView,workbench.debug.callStackView,workbench.debug.breakPointsView in workbench.view.debug
2024-02-26 09:42:37.528 [info] Added views:workbench.panel.repl.view in workbench.panel.repl
2024-02-26 09:42:37.535 [info] Removed views:workbench.debug.breakPointsView,workbench.debug.callStackView,workbench.debug.watchExpressionsView,workbench.debug.variablesView from workbench.view.debug
2024-02-26 09:42:37.539 [info] Added views:workbench.debug.welcome in workbench.view.debug
2024-02-26 09:42:38.335 [info] Added views:~remote.forwardedPorts in ~remote.forwardedPortsContainer
2024-02-26 09:45:41.884 [info] Added views:workbench.panel.markers.view in workbench.panel.markers
2024-02-26 09:45:41.884 [info] Added views:workbench.panel.output in workbench.panel.output
2024-02-26 09:45:41.884 [info] Added views:terminal in terminal
2024-02-26 09:45:41.884 [info] Added views:outline in workbench.view.explorer
2024-02-26 09:45:41.884 [info] Added views:workbench.scm in workbench.view.scm
2024-02-26 09:45:41.885 [info] Added views:workbench.view.search in workbench.view.search
2024-02-26 09:45:41.885 [info] Added views:timeline in workbench.view.explorer
2024-02-26 09:45:41.885 [info] Added views:workbench.explorer.fileView in workbench.view.explorer
2024-02-26 09:45:45.514 [info] Added views:workbench.debug.variablesView,workbench.debug.watchExpressionsView,workbench.debug.callStackView,workbench.debug.breakPointsView in workbench.view.debug
2024-02-26 09:45:45.622 [info] Added views:workbench.panel.repl.view in workbench.panel.repl
2024-02-26 09:45:45.628 [info] Removed views:workbench.debug.breakPointsView,workbench.debug.callStackView,workbench.debug.watchExpressionsView,workbench.debug.variablesView from workbench.view.debug
2024-02-26 09:45:45.629 [info] Added views:workbench.debug.welcome in workbench.view.debug
2024-02-26 09:45:48.812 [info] Added views:~remote.forwardedPorts in ~remote.forwardedPortsContainer
2024-02-26 09:45:50.688 [info] Added views:workbench.views.extensions.marketplace in workbench.view.extensions
2024-02-26 09:46:49.520 [info] Added views:latex-workshop-commands,latex-workshop-structure,latex-workshop-snippet-view in workbench.view.extension.latex-workshop-activitybar
