2024-02-26 09:42:36.464 [info] Started initializing default profile extensions in extensions installation folder. file:///home/ijyothi/.vscode/extensions
2024-02-26 09:42:37.097 [warning] Failed to create default profile extensions manifest in extensions installation folder. file:///home/ijyothi/.vscode/extensions Unable to create file 'vscode-userdata:/home/ijyothi/.vscode/extensions/extensions.json' that already exists when overwrite flag is not set
2024-02-26 09:42:37.098 [info] Completed initializing default profile extensions in extensions installation folder. file:///home/ijyothi/.vscode/extensions
2024-02-26 09:42:38.853 [error] [uncaught exception in sharedProcess]: Event not found: onDidChange: CodeExpectedError: Event not found: onDidChange
    at Object.listen (/snap/code/152/usr/share/code/resources/app/out/vs/code/node/sharedProcess/sharedProcessMain.js:45:4959)
    at E.t (/snap/code/152/usr/share/code/resources/app/out/vs/code/node/sharedProcess/sharedProcessMain.js:44:251)
    at E.q (/snap/code/152/usr/share/code/resources/app/out/vs/code/node/sharedProcess/sharedProcessMain.js:43:4371)
    at w.value (/snap/code/152/usr/share/code/resources/app/out/vs/code/node/sharedProcess/sharedProcessMain.js:43:3602)
    at d.y (/snap/code/152/usr/share/code/resources/app/out/vs/code/node/sharedProcess/sharedProcessMain.js:38:1902)
    at d.z (/snap/code/152/usr/share/code/resources/app/out/vs/code/node/sharedProcess/sharedProcessMain.js:38:1972)
    at d.fire (/snap/code/152/usr/share/code/resources/app/out/vs/code/node/sharedProcess/sharedProcessMain.js:38:2188)
    at MessagePortMain.de (/snap/code/152/usr/share/code/resources/app/out/vs/code/node/sharedProcess/sharedProcessMain.js:36:30422)
    at MessagePortMain.emit (node:events:514:28)
    at Object.emit (node:electron/js2c/utility_init:2:2285)
2024-02-26 09:45:49.345 [error] [uncaught exception in sharedProcess]: Event not found: onDidChange: CodeExpectedError: Event not found: onDidChange
    at Object.listen (/snap/code/152/usr/share/code/resources/app/out/vs/code/node/sharedProcess/sharedProcessMain.js:45:4959)
    at E.t (/snap/code/152/usr/share/code/resources/app/out/vs/code/node/sharedProcess/sharedProcessMain.js:44:251)
    at E.q (/snap/code/152/usr/share/code/resources/app/out/vs/code/node/sharedProcess/sharedProcessMain.js:43:4371)
    at w.value (/snap/code/152/usr/share/code/resources/app/out/vs/code/node/sharedProcess/sharedProcessMain.js:43:3602)
    at d.y (/snap/code/152/usr/share/code/resources/app/out/vs/code/node/sharedProcess/sharedProcessMain.js:38:1902)
    at d.z (/snap/code/152/usr/share/code/resources/app/out/vs/code/node/sharedProcess/sharedProcessMain.js:38:1972)
    at d.fire (/snap/code/152/usr/share/code/resources/app/out/vs/code/node/sharedProcess/sharedProcessMain.js:38:2188)
    at MessagePortMain.de (/snap/code/152/usr/share/code/resources/app/out/vs/code/node/sharedProcess/sharedProcessMain.js:36:30422)
    at MessagePortMain.emit (node:events:514:28)
    at Object.emit (node:electron/js2c/utility_init:2:2285)
2024-02-26 09:45:55.751 [info] Getting Manifest... james-yu.latex-workshop
2024-02-26 09:45:55.836 [info] Installing extension: james-yu.latex-workshop
2024-02-26 09:46:08.679 [info] Extension signature is verified: james-yu.latex-workshop
2024-02-26 09:46:13.166 [info] Extracted extension to file:///home/ijyothi/.vscode/extensions/james-yu.latex-workshop-9.18.2: james-yu.latex-workshop
2024-02-26 09:46:13.330 [info] Renamed to /home/ijyothi/.vscode/extensions/james-yu.latex-workshop-9.18.2
2024-02-26 09:46:13.340 [info] Extracting extension completed. james-yu.latex-workshop
2024-02-26 09:46:13.372 [info] Extension installed successfully: james-yu.latex-workshop
2024-02-26 09:46:13.454 [error] [uncaught exception in sharedProcess]: Error: ENOENT: no such file or directory, stat '/home/ijyothi/.vscode/extensions/extensions.json.vsctmp': EntryNotFound (FileSystemError): Error: ENOENT: no such file or directory, stat '/home/ijyothi/.vscode/extensions/extensions.json.vsctmp'
    at r.create (/snap/code/152/usr/share/code/resources/app/out/vs/code/node/sharedProcess/sharedProcessMain.js:51:30119)
    at a (/snap/code/152/usr/share/code/resources/app/out/vs/code/node/sharedProcess/sharedProcessMain.js:51:30234)
    at i.fb (/snap/code/152/usr/share/code/resources/app/out/vs/code/node/sharedProcess/sharedProcessMain.js:56:36631)
    at i.stat (/snap/code/152/usr/share/code/resources/app/out/vs/code/node/sharedProcess/sharedProcessMain.js:56:29077)
    at async v.stat (/snap/code/152/usr/share/code/resources/app/out/vs/code/node/sharedProcess/sharedProcessMain.js:56:16223)
    at async Y.tb (/snap/code/152/usr/share/code/resources/app/out/vs/code/node/sharedProcess/sharedProcessMain.js:102:108626)
